<?xml version="1.0" encoding="UTF-8"?>
<robot generator="Robot 6.1.1 (Python 3.12.0 on win32)" generated="20240124 11:18:44.053" rpa="false" schemaversion="4">
<suite id="s1" name="Tests" source="C:\Users\CODE-PRO-19\Documents\Estudos_Nathalia\Robot_Framework\Tutorial_Robot\Tests">
<suite id="s1-s1" name="BDD" source="C:\Users\CODE-PRO-19\Documents\Estudos_Nathalia\Robot_Framework\Tutorial_Robot\Tests\BDD.robot">
<test id="s1-s1-t1" name="Cenario 1: Executar video do site do youtube" line="46">
<kw name="Dado que eu acesso o site">
<kw name="Open Browser" library="SeleniumLibrary">
<arg>${URL}</arg>
<arg>${Browser}</arg>
<doc>Opens a new browser instance to the optional ``url``.</doc>
<msg timestamp="20240124 11:18:44.674" level="INFO">Opening browser 'firefox' to base url 'https://www.youtube.com/'.</msg>
<status status="PASS" starttime="20240124 11:18:44.674" endtime="20240124 11:18:54.765"/>
</kw>
<status status="PASS" starttime="20240124 11:18:44.674" endtime="20240124 11:18:54.765"/>
</kw>
<kw name="Quando digito o nome da música">
<kw name="Input Text" library="SeleniumLibrary">
<arg>${input_pesquisa}</arg>
<arg>${nomeMusica}</arg>
<doc>Types the given ``text`` into the text field identified by ``locator``.</doc>
<msg timestamp="20240124 11:18:54.766" level="INFO">Typing text 'Ariana Grande pov' into text field '//input[@id="search"]'.</msg>
<status status="PASS" starttime="20240124 11:18:54.766" endtime="20240124 11:18:56.186"/>
</kw>
<status status="PASS" starttime="20240124 11:18:54.765" endtime="20240124 11:18:56.186"/>
</kw>
<kw name="E clico no botão buscar">
<kw name="Wait Until Element Is Visible" library="SeleniumLibrary">
<arg>${button_pesquisa}</arg>
<arg>10</arg>
<doc>Waits until the element ``locator`` is visible.</doc>
<status status="PASS" starttime="20240124 11:18:56.186" endtime="20240124 11:18:56.275"/>
</kw>
<kw name="Click Element" library="SeleniumLibrary">
<arg>${button_pesquisa}</arg>
<doc>Click the element identified by ``locator``.</doc>
<msg timestamp="20240124 11:18:56.275" level="INFO">Clicking element '//button[@class="style-scope ytd-searchbox"]'.</msg>
<status status="PASS" starttime="20240124 11:18:56.275" endtime="20240124 11:18:56.601"/>
</kw>
<status status="PASS" starttime="20240124 11:18:56.186" endtime="20240124 11:18:56.601"/>
</kw>
<kw name="E clico na primeira opção da lista">
<kw name="Wait Until Element Is Visible" library="SeleniumLibrary">
<arg>${primeiro_elemento}</arg>
<arg>30</arg>
<doc>Waits until the element ``locator`` is visible.</doc>
<status status="PASS" starttime="20240124 11:18:56.603" endtime="20240124 11:18:57.416"/>
</kw>
<kw name="Click Element" library="SeleniumLibrary">
<arg>${primeiro_elemento}</arg>
<doc>Click the element identified by ``locator``.</doc>
<msg timestamp="20240124 11:18:57.416" level="INFO">Clicking element '(//yt-formatted-string[@class="style-scope ytd-video-renderer"])[1]'.</msg>
<status status="PASS" starttime="20240124 11:18:57.416" endtime="20240124 11:18:57.654"/>
</kw>
<status status="PASS" starttime="20240124 11:18:56.602" endtime="20240124 11:18:57.654"/>
</kw>
<kw name="Então o video é executado">
<kw name="Wait Until Element Is Visible" library="SeleniumLibrary">
<arg>${verificação}</arg>
<arg>30</arg>
<doc>Waits until the element ``locator`` is visible.</doc>
<status status="PASS" starttime="20240124 11:18:57.654" endtime="20240124 11:18:57.742"/>
</kw>
<kw name="Element Should Be Visible" library="SeleniumLibrary">
<arg>${verificação}</arg>
<doc>Verifies that the element identified by ``locator`` is visible.</doc>
<msg timestamp="20240124 11:18:57.754" level="INFO">Element '//ytd-topbar-logo-renderer[@id="logo"]' is displayed.</msg>
<status status="PASS" starttime="20240124 11:18:57.742" endtime="20240124 11:18:57.754"/>
</kw>
<kw name="Sleep" library="BuiltIn">
<arg>3s</arg>
<doc>Pauses the test executed for the given time.</doc>
<msg timestamp="20240124 11:19:00.756" level="INFO">Slept 3 seconds</msg>
<status status="PASS" starttime="20240124 11:18:57.755" endtime="20240124 11:19:00.756"/>
</kw>
<kw name="Close Browser" library="SeleniumLibrary">
<doc>Closes the current browser.</doc>
<status status="PASS" starttime="20240124 11:19:00.756" endtime="20240124 11:19:04.032"/>
</kw>
<status status="PASS" starttime="20240124 11:18:57.654" endtime="20240124 11:19:04.032"/>
</kw>
<tag>regressivo</tag>
<status status="PASS" starttime="20240124 11:18:44.673" endtime="20240124 11:19:04.033"/>
</test>
<status status="PASS" starttime="20240124 11:18:44.092" endtime="20240124 11:19:04.036"/>
</suite>
<suite id="s1-s2" name="Estrutura" source="C:\Users\CODE-PRO-19\Documents\Estudos_Nathalia\Robot_Framework\Tutorial_Robot\Tests\estrutura.robot">
<test id="s1-s2-t1" name="Cenário 1: Teste de abrir site google" line="23">
<kw name="abrir site do google">
<kw name="Open Browser" library="SeleniumLibrary">
<arg>https://www.google.com.br/</arg>
<arg>firefox</arg>
<doc>Opens a new browser instance to the optional ``url``.</doc>
<msg timestamp="20240124 11:19:04.053" level="INFO">Opening browser 'firefox' to base url 'https://www.google.com.br/'.</msg>
<status status="PASS" starttime="20240124 11:19:04.052" endtime="20240124 11:19:11.897"/>
</kw>
<status status="PASS" starttime="20240124 11:19:04.051" endtime="20240124 11:19:11.897"/>
</kw>
<kw name="fechar navegador">
<kw name="Close Browser" library="SeleniumLibrary">
<doc>Closes the current browser.</doc>
<status status="PASS" starttime="20240124 11:19:11.897" endtime="20240124 11:19:14.776"/>
</kw>
<status status="PASS" starttime="20240124 11:19:11.897" endtime="20240124 11:19:14.776"/>
</kw>
<tag>regressivo</tag>
<status status="PASS" starttime="20240124 11:19:04.050" endtime="20240124 11:19:14.776"/>
</test>
<status status="PASS" starttime="20240124 11:19:04.040" endtime="20240124 11:19:14.778"/>
</suite>
<status status="PASS" starttime="20240124 11:18:44.055" endtime="20240124 11:19:14.780"/>
</suite>
<statistics>
<total>
<stat pass="2" fail="0" skip="0">All Tests</stat>
</total>
<tag>
<stat pass="2" fail="0" skip="0">regressivo</stat>
</tag>
<suite>
<stat pass="2" fail="0" skip="0" id="s1" name="Tests">Tests</stat>
<stat pass="1" fail="0" skip="0" id="s1-s1" name="BDD">Tests.BDD</stat>
<stat pass="1" fail="0" skip="0" id="s1-s2" name="Estrutura">Tests.Estrutura</stat>
</suite>
</statistics>
<errors>
</errors>
</robot>
